2025-07-06 11:35:55,931 - INFO - Recording started
2025-07-06 11:36:05,378 - INFO - HTTP Request: POST https://integrate.api.nvidia.com/v1/chat/completions "HTTP/1.1 200 OK"
2025-07-06 11:36:08,754 - INFO - HTTP Request: POST https://api.elevenlabs.io/v1/text-to-speech/SAz9YHcvj6GT2YYXdXww "HTTP/1.1 200 OK"
2025-07-06 11:36:21,428 - INFO - Recording started
2025-07-06 15:49:22,382 - INFO - Recording started
2025-07-06 15:50:10,084 - INFO - Recording started
2025-07-06 15:50:19,104 - INFO - HTTP Request: POST https://integrate.api.nvidia.com/v1/chat/completions "HTTP/1.1 200 OK"
2025-07-06 15:50:21,665 - INFO - HTTP Request: POST https://api.elevenlabs.io/v1/text-to-speech/SAz9YHcvj6GT2YYXdXww "HTTP/1.1 200 OK"
2025-07-06 15:50:32,850 - INFO - Recording started
2025-07-06 15:50:42,658 - INFO - HTTP Request: POST https://integrate.api.nvidia.com/v1/chat/completions "HTTP/1.1 200 OK"
2025-07-06 15:50:45,187 - INFO - HTTP Request: POST https://api.elevenlabs.io/v1/text-to-speech/SAz9YHcvj6GT2YYXdXww "HTTP/1.1 200 OK"
2025-07-06 15:50:56,320 - INFO - Recording started
2025-07-06 15:51:17,483 - INFO - Recording started
2025-07-06 15:51:27,042 - INFO - HTTP Request: POST https://integrate.api.nvidia.com/v1/chat/completions "HTTP/1.1 200 OK"
2025-07-06 15:51:30,123 - INFO - HTTP Request: POST https://api.elevenlabs.io/v1/text-to-speech/SAz9YHcvj6GT2YYXdXww "HTTP/1.1 200 OK"
2025-07-06 15:51:43,691 - INFO - Recording started
2025-07-06 15:51:54,995 - INFO - HTTP Request: POST https://integrate.api.nvidia.com/v1/chat/completions "HTTP/1.1 200 OK"
2025-07-06 15:51:58,839 - INFO - HTTP Request: POST https://api.elevenlabs.io/v1/text-to-speech/SAz9YHcvj6GT2YYXdXww "HTTP/1.1 200 OK"
2025-07-06 15:52:05,510 - INFO - Recording started
2025-07-06 15:52:17,241 - INFO - HTTP Request: POST https://integrate.api.nvidia.com/v1/chat/completions "HTTP/1.1 200 OK"
2025-07-06 15:52:20,260 - INFO - HTTP Request: POST https://api.elevenlabs.io/v1/text-to-speech/SAz9YHcvj6GT2YYXdXww "HTTP/1.1 200 OK"
2025-07-06 15:52:33,278 - INFO - Recording started
2025-07-06 15:52:43,626 - INFO - HTTP Request: POST https://integrate.api.nvidia.com/v1/chat/completions "HTTP/1.1 200 OK"
2025-07-06 15:52:45,861 - INFO - HTTP Request: POST https://api.elevenlabs.io/v1/text-to-speech/SAz9YHcvj6GT2YYXdXww "HTTP/1.1 200 OK"
2025-07-06 15:52:54,019 - INFO - Recording started
2025-07-06 15:53:09,444 - INFO - HTTP Request: POST https://integrate.api.nvidia.com/v1/chat/completions "HTTP/1.1 200 OK"
2025-07-06 15:53:14,353 - INFO - HTTP Request: POST https://api.elevenlabs.io/v1/text-to-speech/SAz9YHcvj6GT2YYXdXww "HTTP/1.1 200 OK"
2025-07-06 15:53:35,567 - INFO - Recording started
2025-07-06 15:53:50,313 - INFO - HTTP Request: POST https://integrate.api.nvidia.com/v1/chat/completions "HTTP/1.1 200 OK"
2025-07-06 15:53:54,701 - INFO - HTTP Request: POST https://api.elevenlabs.io/v1/text-to-speech/SAz9YHcvj6GT2YYXdXww "HTTP/1.1 200 OK"
2025-07-06 15:54:13,027 - INFO - Recording started
2025-07-06 15:54:31,514 - INFO - Recording started
2025-07-06 15:54:41,666 - INFO - HTTP Request: POST https://integrate.api.nvidia.com/v1/chat/completions "HTTP/1.1 200 OK"
2025-07-06 15:55:52,862 - INFO - Recording started
2025-07-06 15:56:01,582 - INFO - HTTP Request: POST https://integrate.api.nvidia.com/v1/chat/completions "HTTP/1.1 200 OK"
2025-07-06 15:56:04,106 - INFO - HTTP Request: POST https://api.elevenlabs.io/v1/text-to-speech/SAz9YHcvj6GT2YYXdXww "HTTP/1.1 200 OK"
2025-07-06 15:56:14,299 - INFO - Recording started
2025-07-06 15:56:24,547 - INFO - HTTP Request: POST https://integrate.api.nvidia.com/v1/chat/completions "HTTP/1.1 200 OK"
2025-07-06 15:56:28,315 - INFO - HTTP Request: POST https://api.elevenlabs.io/v1/text-to-speech/SAz9YHcvj6GT2YYXdXww "HTTP/1.1 200 OK"
2025-07-06 15:56:50,519 - INFO - Recording started
2025-07-06 15:57:05,187 - INFO - HTTP Request: POST https://integrate.api.nvidia.com/v1/chat/completions "HTTP/1.1 200 OK"
2025-07-06 15:57:05,744 - INFO - HTTP Request: POST https://api.elevenlabs.io/v1/text-to-speech/SAz9YHcvj6GT2YYXdXww "HTTP/1.1 401 Unauthorized"
2025-07-06 15:57:05,754 - ERROR - TTS failed: headers: {'date': 'Sun, 06 Jul 2025 10:27:06 GMT', 'server': 'uvicorn', 'content-length': '476', 'content-type': 'application/json', 'access-control-allow-origin': '*', 'access-control-allow-headers': '*', 'access-control-allow-methods': 'POST, PATCH, OPTIONS, DELETE, GET, PUT', 'access-control-max-age': '600', 'strict-transport-security': 'max-age=31536000; includeSubDomains', 'x-trace-id': '4bc2538072227d78ec11941d4899405e', 'x-region': 'us-central1', 'via': '1.1 google, 1.1 google', 'alt-svc': 'h3=":443"; ma=2592000,h3-29=":443"; ma=2592000'}, status_code: 401, body: {'detail': {'status': 'detected_unusual_activity', 'message': 'Unusual activity detected. Free Tier usage disabled. If you are using a proxy/VPN you might need to purchase a Paid Plan to not trigger our abuse detectors. Free Tier only works if users do not abuse it, for example by creating multiple free accounts. If we notice that many people try to abuse it, we will need to reconsider Free Tier altogether. \nPlease play fair and purchase any Paid Subscription to continue.'}}
2025-07-06 15:57:05,881 - INFO - Imported existing <module 'comtypes.gen' from 'C:\\Projects\\testing\\voiceai\\.venv\\Lib\\site-packages\\comtypes\\gen\\__init__.py'>
2025-07-06 15:57:05,881 - INFO - Using writeable comtypes cache directory: 'C:\Projects\testing\voiceai\.venv\Lib\site-packages\comtypes\gen'
2025-07-06 15:57:14,856 - INFO - Recording started
2025-07-06 15:58:18,416 - INFO - Recording started
2025-07-06 15:58:28,521 - INFO - HTTP Request: POST https://integrate.api.nvidia.com/v1/chat/completions "HTTP/1.1 200 OK"
2025-07-06 15:58:30,782 - INFO - HTTP Request: POST https://api.elevenlabs.io/v1/text-to-speech/SAz9YHcvj6GT2YYXdXww "HTTP/1.1 200 OK"
2025-07-06 15:58:38,567 - INFO - Recording started
2025-07-06 15:58:48,075 - INFO - HTTP Request: POST https://integrate.api.nvidia.com/v1/chat/completions "HTTP/1.1 200 OK"
2025-07-06 15:58:52,022 - INFO - HTTP Request: POST https://api.elevenlabs.io/v1/text-to-speech/SAz9YHcvj6GT2YYXdXww "HTTP/1.1 200 OK"
2025-07-06 15:59:09,415 - INFO - Recording started
2025-07-06 15:59:22,477 - INFO - HTTP Request: POST https://integrate.api.nvidia.com/v1/chat/completions "HTTP/1.1 200 OK"
2025-07-06 15:59:26,325 - INFO - HTTP Request: POST https://api.elevenlabs.io/v1/text-to-speech/SAz9YHcvj6GT2YYXdXww "HTTP/1.1 200 OK"
2025-07-06 15:59:36,136 - INFO - Recording started
2025-07-06 15:59:43,908 - INFO - HTTP Request: POST https://integrate.api.nvidia.com/v1/chat/completions "HTTP/1.1 200 OK"
2025-07-06 15:59:46,033 - INFO - HTTP Request: POST https://api.elevenlabs.io/v1/text-to-speech/SAz9YHcvj6GT2YYXdXww "HTTP/1.1 200 OK"
2025-07-06 15:59:52,418 - INFO - Recording started
2025-07-06 16:00:37,448 - INFO - HTTP Request: POST https://integrate.api.nvidia.com/v1/chat/completions "HTTP/1.1 200 OK"
2025-07-06 16:00:41,409 - INFO - HTTP Request: POST https://api.elevenlabs.io/v1/text-to-speech/SAz9YHcvj6GT2YYXdXww "HTTP/1.1 200 OK"
2025-07-06 16:00:43,983 - INFO - Recording started
2025-07-06 16:02:34,261 - INFO - Recording started
2025-07-06 16:02:42,642 - INFO - HTTP Request: POST https://integrate.api.nvidia.com/v1/chat/completions "HTTP/1.1 200 OK"
2025-07-06 16:02:45,717 - INFO - HTTP Request: POST https://api.elevenlabs.io/v1/text-to-speech/SAz9YHcvj6GT2YYXdXww "HTTP/1.1 200 OK"
2025-07-06 16:02:55,331 - INFO - Recording started
2025-07-06 16:03:04,758 - INFO - HTTP Request: POST https://integrate.api.nvidia.com/v1/chat/completions "HTTP/1.1 200 OK"
2025-07-06 16:03:22,768 - INFO - Recording started
2025-07-06 16:03:32,202 - INFO - HTTP Request: POST https://integrate.api.nvidia.com/v1/chat/completions "HTTP/1.1 200 OK"
2025-07-06 16:03:35,171 - INFO - HTTP Request: POST https://api.elevenlabs.io/v1/text-to-speech/SAz9YHcvj6GT2YYXdXww "HTTP/1.1 200 OK"
2025-07-06 16:05:27,870 - INFO - Recording started
2025-07-06 16:05:37,265 - INFO - HTTP Request: POST https://integrate.api.nvidia.com/v1/chat/completions "HTTP/1.1 200 OK"
2025-07-06 16:05:41,021 - INFO - HTTP Request: POST https://api.elevenlabs.io/v1/text-to-speech/SAz9YHcvj6GT2YYXdXww "HTTP/1.1 200 OK"
2025-07-06 16:05:50,491 - INFO - Recording started
2025-07-06 16:06:00,272 - INFO - HTTP Request: POST https://integrate.api.nvidia.com/v1/chat/completions "HTTP/1.1 200 OK"
2025-07-06 16:06:04,269 - INFO - HTTP Request: POST https://api.elevenlabs.io/v1/text-to-speech/SAz9YHcvj6GT2YYXdXww "HTTP/1.1 200 OK"
2025-07-06 16:06:19,362 - INFO - Recording started
2025-07-06 16:06:25,379 - INFO - HTTP Request: POST https://integrate.api.nvidia.com/v1/chat/completions "HTTP/1.1 200 OK"
2025-07-06 16:06:27,626 - INFO - HTTP Request: POST https://api.elevenlabs.io/v1/text-to-speech/SAz9YHcvj6GT2YYXdXww "HTTP/1.1 200 OK"
2025-07-06 16:06:28,851 - INFO - Recording started
2025-07-06 16:06:34,168 - INFO - HTTP Request: POST https://integrate.api.nvidia.com/v1/chat/completions "HTTP/1.1 200 OK"
2025-07-06 16:06:36,421 - INFO - HTTP Request: POST https://api.elevenlabs.io/v1/text-to-speech/SAz9YHcvj6GT2YYXdXww "HTTP/1.1 200 OK"
2025-07-06 16:06:43,124 - INFO - Recording started
2025-07-06 16:06:49,631 - INFO - HTTP Request: POST https://integrate.api.nvidia.com/v1/chat/completions "HTTP/1.1 200 OK"
2025-07-06 16:06:51,681 - INFO - HTTP Request: POST https://api.elevenlabs.io/v1/text-to-speech/SAz9YHcvj6GT2YYXdXww "HTTP/1.1 200 OK"
2025-07-06 16:31:58,147 - INFO - Recording started
2025-07-06 16:32:09,027 - INFO - HTTP Request: POST https://integrate.api.nvidia.com/v1/chat/completions "HTTP/1.1 200 OK"
2025-07-06 16:32:12,244 - INFO - HTTP Request: POST https://api.elevenlabs.io/v1/text-to-speech/SAz9YHcvj6GT2YYXdXww "HTTP/1.1 200 OK"
2025-07-06 16:32:23,513 - INFO - Recording started
2025-07-06 16:32:32,566 - INFO - HTTP Request: POST https://integrate.api.nvidia.com/v1/chat/completions "HTTP/1.1 200 OK"
2025-07-06 16:32:35,606 - INFO - HTTP Request: POST https://api.elevenlabs.io/v1/text-to-speech/SAz9YHcvj6GT2YYXdXww "HTTP/1.1 200 OK"
2025-07-06 16:32:40,298 - INFO - Recording started
2025-07-06 16:32:53,527 - INFO - HTTP Request: POST https://integrate.api.nvidia.com/v1/chat/completions "HTTP/1.1 200 OK"
2025-07-06 16:32:58,646 - INFO - HTTP Request: POST https://api.elevenlabs.io/v1/text-to-speech/SAz9YHcvj6GT2YYXdXww "HTTP/1.1 200 OK"
2025-07-06 16:33:06,448 - INFO - Recording started
2025-07-06 16:33:15,134 - INFO - HTTP Request: POST https://integrate.api.nvidia.com/v1/chat/completions "HTTP/1.1 200 OK"
2025-07-06 16:33:18,805 - INFO - HTTP Request: POST https://api.elevenlabs.io/v1/text-to-speech/SAz9YHcvj6GT2YYXdXww "HTTP/1.1 200 OK"
2025-07-06 16:33:34,134 - INFO - Recording started
2025-07-06 16:33:39,766 - INFO - HTTP Request: POST https://integrate.api.nvidia.com/v1/chat/completions "HTTP/1.1 200 OK"
2025-07-06 16:33:41,365 - INFO - HTTP Request: POST https://api.elevenlabs.io/v1/text-to-speech/SAz9YHcvj6GT2YYXdXww "HTTP/1.1 200 OK"
2025-07-06 16:33:45,248 - INFO - Recording started
2025-07-06 16:33:51,447 - INFO - HTTP Request: POST https://integrate.api.nvidia.com/v1/chat/completions "HTTP/1.1 200 OK"
2025-07-06 16:33:53,208 - INFO - HTTP Request: POST https://api.elevenlabs.io/v1/text-to-speech/SAz9YHcvj6GT2YYXdXww "HTTP/1.1 200 OK"
2025-07-06 16:33:58,204 - INFO - Recording started
2025-07-06 16:35:12,344 - INFO - Recording started
2025-07-06 16:36:01,357 - INFO - HTTP Request: POST https://integrate.api.nvidia.com/v1/chat/completions "HTTP/1.1 200 OK"
2025-07-06 16:36:04,246 - INFO - HTTP Request: POST https://api.elevenlabs.io/v1/text-to-speech/SAz9YHcvj6GT2YYXdXww "HTTP/1.1 200 OK"
2025-07-06 16:36:32,512 - INFO - Recording started
2025-07-06 16:36:41,804 - INFO - HTTP Request: POST https://integrate.api.nvidia.com/v1/chat/completions "HTTP/1.1 200 OK"
2025-07-06 16:36:44,885 - INFO - HTTP Request: POST https://api.elevenlabs.io/v1/text-to-speech/SAz9YHcvj6GT2YYXdXww "HTTP/1.1 200 OK"
2025-07-06 16:36:52,527 - INFO - Recording started
2025-07-06 16:37:07,120 - INFO - HTTP Request: POST https://integrate.api.nvidia.com/v1/chat/completions "HTTP/1.1 200 OK"
2025-07-06 16:37:10,474 - INFO - HTTP Request: POST https://api.elevenlabs.io/v1/text-to-speech/SAz9YHcvj6GT2YYXdXww "HTTP/1.1 200 OK"
2025-07-06 16:37:25,531 - INFO - Recording started
2025-07-06 16:37:31,123 - INFO - HTTP Request: POST https://integrate.api.nvidia.com/v1/chat/completions "HTTP/1.1 200 OK"
2025-07-06 16:37:33,208 - INFO - HTTP Request: POST https://api.elevenlabs.io/v1/text-to-speech/SAz9YHcvj6GT2YYXdXww "HTTP/1.1 200 OK"
2025-07-06 16:37:40,382 - INFO - Recording started
2025-07-06 16:37:45,198 - INFO - HTTP Request: POST https://integrate.api.nvidia.com/v1/chat/completions "HTTP/1.1 200 OK"
2025-07-06 16:37:46,669 - INFO - HTTP Request: POST https://api.elevenlabs.io/v1/text-to-speech/SAz9YHcvj6GT2YYXdXww "HTTP/1.1 200 OK"
